<?xml version="1.0" encoding="UTF-8"?>
<!-- Generated by org.testng.reporters.JUnitXMLReporter -->
<testsuite hostname="DESKTOP-S0JQALI" ignored="1" name="Default test" tests="2" failures="0" timestamp="31 Jan 2020 05:25:24 GMT" time="8.332" errors="0">
  <testcase name="m9" time="0.009" classname="myPackage.BrowserTest"/>
  <testcase name="Browser" time="8.267" classname="myPackage.BrowserTest"/>
  <testcase name="m8" time="0.0" classname="myPackage.BrowserTest">
    <ignored/>
  </testcase> <!-- m8 -->
</testsuite> <!-- Default test -->
