<?xml version="1.0" encoding="UTF-8"?>
<!-- Generated by org.testng.reporters.JUnitXMLReporter -->
<testsuite hostname="DESKTOP-S0JQALI" ignored="1" name="Test" tests="3" failures="0" timestamp="27 Jan 2020 18:34:44 GMT" time="17.923" errors="0">
  <testcase name="Browser" time="10.423" classname="myPackage.Authorization"/>
  <testcase name="m9" time="0.004" classname="myPackage.BrowserTest"/>
  <testcase name="Browser" time="7.432" classname="myPackage.BrowserTest"/>
  <testcase name="m8" time="0.0" classname="myPackage.BrowserTest">
    <ignored/>
  </testcase> <!-- m8 -->
</testsuite> <!-- Test -->
