<?xml version="1.0" encoding="UTF-8"?>
<!-- Generated by org.testng.reporters.JUnitXMLReporter -->
<testsuite hostname="DESKTOP-S0JQALI" ignored="1" name="Test" tests="3" failures="0" timestamp="31 Jan 2020 16:07:53 GMT" time="13.549" errors="0">
  <testcase name="Browser" time="8.083" classname="myPackage.Authorization"/>
  <testcase name="m9" time="0.0" classname="myPackage.BrowserTest"/>
  <testcase name="Browser" time="5.438" classname="myPackage.BrowserTest"/>
  <testcase name="m8" time="0.0" classname="myPackage.BrowserTest">
    <ignored/>
  </testcase> <!-- m8 -->
</testsuite> <!-- Test -->
