<?xml version="1.0" encoding="UTF-8"?>
<testng-results skipped="0" failed="0" ignored="1" total="4" passed="3">
  <reporter-output>
  </reporter-output>
  <suite name="Suite" duration-ms="13549" started-at="2020-01-31T16:07:39Z" finished-at="2020-01-31T16:07:53Z">
    <groups>
    </groups>
    <test name="Test" duration-ms="13549" started-at="2020-01-31T16:07:39Z" finished-at="2020-01-31T16:07:53Z">
      <class name="myPackage.Authorization">
        <test-method status="PASS" signature="Browser()[pri:0, instance:myPackage.Authorization@49e4cb85]" name="Browser" duration-ms="8083" started-at="2020-01-31T21:37:39Z" finished-at="2020-01-31T21:37:47Z">
          <reporter-output>
          </reporter-output>
        </test-method> <!-- Browser -->
      </class> <!-- myPackage.Authorization -->
      <class name="myPackage.BrowserTest">
        <test-method status="PASS" signature="m1()[pri:0, instance:myPackage.BrowserTest@7c30a502]" name="m1" is-config="true" duration-ms="8" started-at="2020-01-31T21:37:39Z" finished-at="2020-01-31T21:37:39Z">
          <reporter-output>
          </reporter-output>
        </test-method> <!-- m1 -->
        <test-method status="PASS" signature="m7()[pri:0, instance:myPackage.BrowserTest@7c30a502]" name="m7" is-config="true" duration-ms="0" started-at="2020-01-31T21:37:47Z" finished-at="2020-01-31T21:37:47Z">
          <reporter-output>
          </reporter-output>
        </test-method> <!-- m7 -->
        <test-method status="PASS" signature="m9()[pri:2, instance:myPackage.BrowserTest@7c30a502]" name="m9" duration-ms="0" started-at="2020-01-31T21:37:47Z" finished-at="2020-01-31T21:37:47Z">
          <reporter-output>
          </reporter-output>
        </test-method> <!-- m9 -->
        <test-method status="PASS" signature="m2()[pri:0, instance:myPackage.BrowserTest@7c30a502]" name="m2" is-config="true" duration-ms="0" started-at="2020-01-31T21:37:47Z" finished-at="2020-01-31T21:37:47Z">
          <reporter-output>
          </reporter-output>
        </test-method> <!-- m2 -->
        <test-method status="PASS" signature="m3()[pri:0, instance:myPackage.BrowserTest@7c30a502]" name="m3" is-config="true" duration-ms="4" started-at="2020-01-31T21:37:47Z" finished-at="2020-01-31T21:37:47Z">
          <reporter-output>
          </reporter-output>
        </test-method> <!-- m3 -->
        <test-method status="PASS" signature="m2()[pri:0, instance:myPackage.BrowserTest@7c30a502]" name="m2" is-config="true" duration-ms="0" started-at="2020-01-31T21:37:47Z" finished-at="2020-01-31T21:37:47Z">
          <reporter-output>
          </reporter-output>
        </test-method> <!-- m2 -->
        <test-method status="PASS" signature="Browser()[pri:3, instance:myPackage.BrowserTest@7c30a502]" name="Browser" duration-ms="5438" started-at="2020-01-31T21:37:47Z" finished-at="2020-01-31T21:37:53Z">
          <reporter-output>
          </reporter-output>
        </test-method> <!-- Browser -->
        <test-method status="PASS" signature="m3()[pri:0, instance:myPackage.BrowserTest@7c30a502]" name="m3" is-config="true" duration-ms="0" started-at="2020-01-31T21:37:53Z" finished-at="2020-01-31T21:37:53Z">
          <reporter-output>
          </reporter-output>
        </test-method> <!-- m3 -->
        <test-method status="PASS" signature="tearDown()[pri:0, instance:myPackage.BrowserTest@7c30a502]" name="tearDown" is-config="true" duration-ms="0" started-at="2020-01-31T21:37:53Z" finished-at="2020-01-31T21:37:53Z">
          <reporter-output>
          </reporter-output>
        </test-method> <!-- tearDown -->
        <test-method status="PASS" signature="m4()[pri:0, instance:myPackage.BrowserTest@7c30a502]" name="m4" is-config="true" duration-ms="0" started-at="2020-01-31T21:37:53Z" finished-at="2020-01-31T21:37:53Z">
          <reporter-output>
          </reporter-output>
        </test-method> <!-- m4 -->
      </class> <!-- myPackage.BrowserTest -->
    </test> <!-- Test -->
  </suite> <!-- Suite -->
</testng-results>
