<?xml version="1.0" encoding="UTF-8"?>
<testng-results skipped="0" failed="0" ignored="0" total="1" passed="1">
  <reporter-output>
  </reporter-output>
  <suite name="Default suite" duration-ms="38" started-at="2020-01-31T07:15:22Z" finished-at="2020-01-31T07:15:22Z">
    <groups>
    </groups>
    <test name="Default test" duration-ms="38" started-at="2020-01-31T07:15:22Z" finished-at="2020-01-31T07:15:22Z">
      <class name="myPackage.Display">
        <test-method status="PASS" signature="syso()[pri:0, instance:myPackage.Display@5f375618]" name="syso" duration-ms="13" started-at="2020-01-31T12:45:22Z" finished-at="2020-01-31T12:45:22Z">
          <reporter-output>
          </reporter-output>
        </test-method> <!-- syso -->
      </class> <!-- myPackage.Display -->
    </test> <!-- Default test -->
  </suite> <!-- Default suite -->
</testng-results>
