<?xml version="1.0" encoding="UTF-8"?>
<testng-results skipped="0" failed="0" ignored="1" total="3" passed="2">
  <reporter-output>
  </reporter-output>
  <suite name="Default suite" duration-ms="8332" started-at="2020-01-31T05:25:15Z" finished-at="2020-01-31T05:25:24Z">
    <groups>
    </groups>
    <test name="Default test" duration-ms="8332" started-at="2020-01-31T05:25:15Z" finished-at="2020-01-31T05:25:24Z">
      <class name="myPackage.BrowserTest">
        <test-method status="PASS" signature="m1()[pri:0, instance:myPackage.BrowserTest@58651fd0]" name="m1" is-config="true" duration-ms="10" started-at="2020-01-31T10:55:15Z" finished-at="2020-01-31T10:55:15Z">
          <reporter-output>
          </reporter-output>
        </test-method> <!-- m1 -->
        <test-method status="PASS" signature="m7()[pri:0, instance:myPackage.BrowserTest@58651fd0]" name="m7" is-config="true" duration-ms="0" started-at="2020-01-31T10:55:15Z" finished-at="2020-01-31T10:55:15Z">
          <reporter-output>
          </reporter-output>
        </test-method> <!-- m7 -->
        <test-method status="PASS" signature="m2()[pri:0, instance:myPackage.BrowserTest@58651fd0]" name="m2" is-config="true" duration-ms="1" started-at="2020-01-31T10:55:15Z" finished-at="2020-01-31T10:55:15Z">
          <reporter-output>
          </reporter-output>
        </test-method> <!-- m2 -->
        <test-method status="PASS" signature="m9()[pri:2, instance:myPackage.BrowserTest@58651fd0]" name="m9" duration-ms="9" started-at="2020-01-31T10:55:15Z" finished-at="2020-01-31T10:55:15Z">
          <reporter-output>
          </reporter-output>
        </test-method> <!-- m9 -->
        <test-method status="PASS" signature="m3()[pri:0, instance:myPackage.BrowserTest@58651fd0]" name="m3" is-config="true" duration-ms="0" started-at="2020-01-31T10:55:15Z" finished-at="2020-01-31T10:55:15Z">
          <reporter-output>
          </reporter-output>
        </test-method> <!-- m3 -->
        <test-method status="PASS" signature="m2()[pri:0, instance:myPackage.BrowserTest@58651fd0]" name="m2" is-config="true" duration-ms="1" started-at="2020-01-31T10:55:15Z" finished-at="2020-01-31T10:55:15Z">
          <reporter-output>
          </reporter-output>
        </test-method> <!-- m2 -->
        <test-method status="PASS" signature="Browser()[pri:3, instance:myPackage.BrowserTest@58651fd0]" name="Browser" duration-ms="8267" started-at="2020-01-31T10:55:15Z" finished-at="2020-01-31T10:55:24Z">
          <reporter-output>
          </reporter-output>
        </test-method> <!-- Browser -->
        <test-method status="PASS" signature="m3()[pri:0, instance:myPackage.BrowserTest@58651fd0]" name="m3" is-config="true" duration-ms="1" started-at="2020-01-31T10:55:24Z" finished-at="2020-01-31T10:55:24Z">
          <reporter-output>
          </reporter-output>
        </test-method> <!-- m3 -->
        <test-method status="PASS" signature="tearDown()[pri:0, instance:myPackage.BrowserTest@58651fd0]" name="tearDown" is-config="true" duration-ms="1" started-at="2020-01-31T10:55:24Z" finished-at="2020-01-31T10:55:24Z">
          <reporter-output>
          </reporter-output>
        </test-method> <!-- tearDown -->
        <test-method status="PASS" signature="m4()[pri:0, instance:myPackage.BrowserTest@58651fd0]" name="m4" is-config="true" duration-ms="6" started-at="2020-01-31T10:55:24Z" finished-at="2020-01-31T10:55:24Z">
          <reporter-output>
          </reporter-output>
        </test-method> <!-- m4 -->
      </class> <!-- myPackage.BrowserTest -->
    </test> <!-- Default test -->
  </suite> <!-- Default suite -->
</testng-results>
